2022-08-26 15:52, failed
2022-08-27 08:25, success, https://ci-mcloud.herokuapp.com/jnlpJars/jenkins-cli.jar, 200
2022-08-27 08:28, success, https://ci-mcloud.herokuapp.com/jnlpJars/jenkins-cli.jar, 200
2022-08-27 08:30, failed, https://ci-mcloud.herokuapp.com/jnlpJars/jenkins-cli.jar, 200
2022-08-27 12:20, success
2022-08-27 12:49, success
2022-08-27 12:50, success
2022-08-27 12:51, success
2022-08-27 12:53, success
2022-08-27 12:55, success
2022-08-27 12:56, success
2022-08-27 12:58, success
2022-08-27 13:00, success
2022-08-27 13:02, success
2022-08-27 13:03, success
2022-08-27 13:05, success
2022-08-27 13:08, success
2022-08-27 13:10, success
2022-08-27 13:13, success
2022-08-27 13:15, success
2022-08-27 13:18, success
2022-08-27 13:20, success
2022-08-27 13:23, success
2022-08-27 13:25, success
2022-08-27 18:58, success
2022-08-27 19:00, success
2022-08-27 19:02, success
2022-08-27 19:05, success
2022-08-27 22:08:48, success
2022-08-28 01:13:03, success
2022-08-28 04:15:52, success
2022-08-28 07:19:52, success
2022-08-28 07:36:23, success
2022-08-28 07:48:07, success
2022-08-28 08:00:13, success
2022-08-28 08:11:31, success
