2022-09-10 00:40:13, facebook:50
2022-09-10 00:40:13, facebook:25
2022-09-10 00:40:13, facebook:12
2022-09-10 00:40:15, csstricks:50
2022-09-10 00:40:17, ocswebexperts:50
2022-09-10 00:40:20, basicshikshakhabar:50
2022-09-10 00:40:29, innovativefolks:50
2022-09-10 00:40:33, theadvocate-co:50
2022-09-11 14:42:21, acpitzone:50
2022-09-11 14:42:21, acpitzone:25
2022-09-11 14:52:32, corewave:50
2022-09-11 14:52:36, rashienterprises:50
2022-09-11 15:03:58, emvsoftwares:50
2022-09-11 15:04:32, pacts:50
2022-09-11 15:04:44, stegit:50
2022-09-11 15:04:44, stegit:25
2022-09-11 15:05:00, easysolutions360:50
2022-09-11 15:24:21, webworldtechnologies:50
2022-09-11 15:24:38, codeger:50
2022-09-11 15:24:43, netcreator-co:50
2022-09-11 15:24:52, webworldeasy:50
2022-09-11 15:28:02, bytosoft:50
2022-09-12 12:16:12, mydailytutorials:50
2022-09-14 07:36:12, sysfosolutions:50
2022-09-14 11:24:27, innovativefolks:25
2022-09-15 09:20:22, unitedwebsoft:50
2022-09-15 11:07:41, loadtraxs:50
2022-09-15 20:08:37, aaryawebsolution:50
2022-09-16 10:58:55, bloatware:50
2022-09-18 06:01:34, websolutioncentre:50
2022-09-18 09:52:47, planetwebit:50
2022-09-18 16:18:23, webstrendy:50
2022-09-19 05:27:58, hitechsoftservices:50
2022-09-20 13:03:10, savaari:50
2022-09-20 13:03:29, ondoor:50
2022-09-23 06:26:25, stegit:12
2022-09-23 16:04:19, megatasktechnologies:50
2022-09-25 05:58:29, perfectkode:50
2022-09-25 19:50:00, tekosep:50
2022-09-27 12:43:31, innovativefolks:12
2022-09-27 15:29:05, acnosoft:50
2022-09-28 06:27:09, freshlist:50
2022-09-29 06:02:41, stegit:6
2022-10-01 06:38:06, omniscientitsolutions:50
2022-10-01 19:38:26, savaari:25
2022-10-02 01:49:00, defuzed:50
2022-10-02 07:01:44, stegit:3
2022-10-02 10:26:59, findbestopensource:50
